<?xml version="1.0" encoding="UTF-8"?>
<!-- Generated by org.testng.reporters.JUnitReportReporter -->
<testsuite hostname="DESKTOP-BJINFAG" failures="0" tests="3" name="firstFramework.MercuryRun" time="21.890" errors="0" timestamp="29 Dec 2019 01:59:41 GMT" skipped="0">
  <testcase classname="firstFramework.MercuryRun" name="file" time="21.886"/>
  <testcase classname="firstFramework.MercuryRun" name="sys" time="0.002"/>
  <testcase classname="firstFramework.MercuryRun" name="sys" time="0.002"/>
</testsuite> <!-- firstFramework.MercuryRun -->
