<?xml version="1.0" encoding="UTF-8"?>
<!-- Generated by org.testng.reporters.JUnitReportReporter -->
<testsuite hostname="DESKTOP-BJINFAG" failures="0" tests="2" name="firstFramework.D1" time="20.338" errors="0" timestamp="08 Dec 2019 22:41:31 GMT" skipped="0">
  <testcase classname="firstFramework.D1" name="openBrowser" time="17.275"/>
  <testcase classname="firstFramework.D1" name="test1" time="3.063"/>
</testsuite> <!-- firstFramework.D1 -->
