<?xml version="1.0" encoding="UTF-8"?>
<!-- Generated by org.testng.reporters.JUnitReportReporter -->
<testsuite hostname="DESKTOP-BJINFAG" failures="0" tests="1" name="firstFramework.Base" time="19.328" errors="0" timestamp="08 Dec 2019 19:36:23 GMT" skipped="0">
  <testcase classname="firstFramework.Base" name="openBrowser" time="19.328"/>
</testsuite> <!-- firstFramework.Base -->
